[debug] [2025-12-08T17:38:45.726Z] ----------------------------------------------------------------------
[debug] [2025-12-08T17:38:45.731Z] Command:       /usr/bin/node /usr/bin/firebase deploy --only hosting
[debug] [2025-12-08T17:38:45.731Z] CLI Version:   14.26.0
[debug] [2025-12-08T17:38:45.731Z] Platform:      linux
[debug] [2025-12-08T17:38:45.732Z] Node Version:  v25.2.1
[debug] [2025-12-08T17:38:45.732Z] Time:          Tue Dec 09 2025 00:38:45 GMT+0700 (Western Indonesia Time)
[debug] [2025-12-08T17:38:45.732Z] ----------------------------------------------------------------------
[debug] 
[debug] [2025-12-08T17:38:46.149Z] > command requires scopes: ["email","openid","https://www.googleapis.com/auth/cloudplatformprojects.readonly","https://www.googleapis.com/auth/firebase","https://www.googleapis.com/auth/cloud-platform"]
[debug] [2025-12-08T17:38:46.150Z] > authorizing via signed-in user (simulasikode@gmail.com)
[debug] [2025-12-08T17:38:46.150Z] [iam] checking project studios-9c34c for permissions ["firebase.projects.get","firebasehosting.sites.update"]
[debug] [2025-12-08T17:38:46.152Z] Checked if tokens are valid: true, expires at: 1765219102250
[debug] [2025-12-08T17:38:46.153Z] Checked if tokens are valid: true, expires at: 1765219102250
[debug] [2025-12-08T17:38:46.158Z] >>> [apiv2][query] POST https://cloudresourcemanager.googleapis.com/v1/projects/studios-9c34c:testIamPermissions [none]
[debug] [2025-12-08T17:38:46.158Z] >>> [apiv2][(partial)header] POST https://cloudresourcemanager.googleapis.com/v1/projects/studios-9c34c:testIamPermissions x-goog-quota-user=projects/studios-9c34c
[debug] [2025-12-08T17:38:46.159Z] >>> [apiv2][body] POST https://cloudresourcemanager.googleapis.com/v1/projects/studios-9c34c:testIamPermissions {"permissions":["firebase.projects.get","firebasehosting.sites.update"]}
[debug] [2025-12-08T17:38:49.898Z] <<< [apiv2][status] POST https://cloudresourcemanager.googleapis.com/v1/projects/studios-9c34c:testIamPermissions 200
[debug] [2025-12-08T17:38:49.899Z] <<< [apiv2][body] POST https://cloudresourcemanager.googleapis.com/v1/projects/studios-9c34c:testIamPermissions {"permissions":["firebase.projects.get","firebasehosting.sites.update"]}
[debug] [2025-12-08T17:38:49.904Z] Checked if tokens are valid: true, expires at: 1765219102250
[debug] [2025-12-08T17:38:49.904Z] Checked if tokens are valid: true, expires at: 1765219102250
[debug] [2025-12-08T17:38:49.905Z] >>> [apiv2][query] GET https://firebase.googleapis.com/v1beta1/projects/studios-9c34c [none]
[debug] [2025-12-08T17:38:51.540Z] <<< [apiv2][status] GET https://firebase.googleapis.com/v1beta1/projects/studios-9c34c 200
[debug] [2025-12-08T17:38:51.541Z] <<< [apiv2][body] GET https://firebase.googleapis.com/v1beta1/projects/studios-9c34c {"projectId":"studios-9c34c","projectNumber":"228696722817","displayName":"studios","name":"projects/studios-9c34c","resources":{"hostingSite":"studios-9c34c","locationId":"asia-southeast1"},"state":"ACTIVE","etag":"1_52f00f88-5859-4ce4-a2b0-a36fef5b5b28"}
[info] 
[info] === Deploying to 'studios-9c34c'...
[info] 
[info] i  deploying hosting 
[debug] [2025-12-08T17:38:51.553Z] Checked if tokens are valid: true, expires at: 1765219102250
[debug] [2025-12-08T17:38:51.553Z] Checked if tokens are valid: true, expires at: 1765219102250
[debug] [2025-12-08T17:38:51.554Z] >>> [apiv2][query] POST https://firebasehosting.googleapis.com/v1beta1/projects/-/sites/studiosimulasi/versions [none]
[debug] [2025-12-08T17:38:51.554Z] >>> [apiv2][body] POST https://firebasehosting.googleapis.com/v1beta1/projects/-/sites/studiosimulasi/versions {"status":"CREATED","labels":{"deployment-tool":"cli-firebase"}}
[debug] [2025-12-08T17:38:55.378Z] <<< [apiv2][status] POST https://firebasehosting.googleapis.com/v1beta1/projects/-/sites/studiosimulasi/versions 200
[debug] [2025-12-08T17:38:55.379Z] <<< [apiv2][body] POST https://firebasehosting.googleapis.com/v1beta1/projects/-/sites/studiosimulasi/versions {"name":"projects/228696722817/sites/studiosimulasi/versions/844218153c33c711","status":"CREATED","config":{},"labels":{"deployment-tool":"cli-firebase"}}
[info] i  hosting[studiosimulasi]: beginning deploy... 
[info] i  hosting[studiosimulasi]: found 42 files in out 
[debug] [2025-12-08T17:38:55.417Z] [hosting] uploading with 200 concurrency
[debug] [2025-12-08T17:38:55.435Z] Checked if tokens are valid: true, expires at: 1765219102250
[debug] [2025-12-08T17:38:55.436Z] Checked if tokens are valid: true, expires at: 1765219102250
[debug] [2025-12-08T17:38:55.437Z] [hosting] hash cache [b3V0] stored for 42 files
[debug] [2025-12-08T17:38:55.437Z] [hosting][hash queue][FINAL] {"max":7,"min":3,"avg":3,"active":0,"complete":42,"success":42,"errored":0,"retried":0,"total":42,"elapsed":12}
[debug] [2025-12-08T17:38:55.438Z] >>> [apiv2][query] POST https://firebasehosting.googleapis.com/v1beta1/projects/228696722817/sites/studiosimulasi/versions/844218153c33c711:populateFiles [none]
[debug] [2025-12-08T17:38:55.438Z] >>> [apiv2][body] POST https://firebasehosting.googleapis.com/v1beta1/projects/228696722817/sites/studiosimulasi/versions/844218153c33c711:populateFiles {"files":{"/window.svg":"2253803a9bd224dd3fbe414027f54ff9edbe1a38bc0980826e020165b0b35d1c","/vercel.svg":"f6d5e3a78f79382f472d99da714537458bf7616f60d251e7c98dd24977504709","/next.svg":"69fb75aede79b670cc3a774cf34561364d373632c78ed59342781868b751d105","/index.txt":"eb1522690be34746c838afd159e3bc801f3b00cf87a63d4097a411b8aef9f96a","/index.html":"d293318e79dfc2fba935212971285e3d4c2015f2fc52adaa671df5893f36a7b5","/globe.svg":"45be2550c6161f1d10d3e58afc08d8dff018574d05f19bf2dc6aa382b8c5d6e5","/file.svg":"d4177f44c939a634e7984d267852a06c4ca557a9e49ba3c5dadabbcbf5508058","/favicon.ico":"5db0637b966864c2b8352a84a6b4438360f6077c725b29aaaf80be894a69c118","/_not-found.txt":"6d4242399c5008683ba601f9b6844d15cbaf43e14597c30d08e43fa9a56c459f","/_not-found.html":"9b4d9237d22632c12668fc48bd5e6f943be0e4428240f36da0b10b7854a284c2","/__next._tree.txt":"e0c30e0e760a1e211e00b9d7345778c549a2c169bfd575eb978e1a74a02c2e0b","/__next._index.txt":"7a0376686117bda363da4efc8483d0e337c4f9e7e1238b18a39f1fb78bbb454a","/__next._head.txt":"7a94d9b1a76131ff9eda95bac8001d6b92dd15c9f10a92d7f161693b4c41ae15","/__next._full.txt":"eb1522690be34746c838afd159e3bc801f3b00cf87a63d4097a411b8aef9f96a","/__next.__PAGE__.txt":"338571db72c963816dadee3c8311aaa45ccc472416f5b61f4b68a6ac03afc50b","/404.html":"9b4d9237d22632c12668fc48bd5e6f943be0e4428240f36da0b10b7854a284c2","/_not-found/__next._tree.txt":"5491c59e9e1e36fce48a204d5010d12e02ac89d10739cc0ad1b18078d9807c58","/_not-found/__next._not-found.txt":"0d2804e918241af4622a96c6429fe0f23f80028742ad305ec1099309ca99dc85","/_not-found/__next._not-found.__PAGE__.txt":"b5b69fb2e622a88dab30d11dd66a8b59ef40febe32f1026bb1e986a9a67f79c9","/_not-found/__next._index.txt":"7a0376686117bda363da4efc8483d0e337c4f9e7e1238b18a39f1fb78bbb454a","/_not-found/__next._head.txt":"f94e1f237f415c227fcb6b7253b737a8a8b91f880544656e62322513e072f60a","/_not-found/__next._full.txt":"6d4242399c5008683ba601f9b6844d15cbaf43e14597c30d08e43fa9a56c459f","/_next/static/media/favicon.0b3bf435.ico":"5db0637b966864c2b8352a84a6b4438360f6077c725b29aaaf80be894a69c118","/_next/static/media/caa3a2e1cccd8315-s.p.853070df.woff2":"e7251ba5992cadbd2748ed97d1a70bc83c318e460c0377138492f5bee9ef3b9f","/_next/static/media/bbc41e54d2fcbd21-s.799d8ef8.woff2":"546266d49bcf52eb0c1bb559761a5d57ab87e0c26ca2bae85cd20b0a238293ea","/_next/static/media/8a480f0b521d4e75-s.8e0177b5.woff2":"670826dbd2d2b0cc38ab0fd42bbe8d533e23a72b4e6241048e4969c202110a41","/_next/static/media/797e433ab948586e-s.p.dbea232f.woff2":"95ffb896f26634c9fd225c296b1b5e88cb1ccc30a90f0f72456d1e4c998aaf05","/_next/static/media/7178b3e590c64307-s.b97b3418.woff2":"4a07b45915c56188328e8077fa9c25b21fdc0ea9aa3ae06473b7d0bb71f9ad28","/_next/static/media/4fa387ec64143e14-s.c1fdd6c2.woff2":"272abfc0f06abd58957a4f17020294bc99ebb472c4e2165c6ce6e6eb945cfeb7","/_next/static/chunks/turbopack-9f4ac102e3f590e1.js":"656bf24fc7f60dffb3d50dda55ba1ed8b0c2b632b76f6e4c54cf1dbb4a80c61d","/_next/static/chunks/ff1a16fafef87110.js":"beb7a0bf476e744106b1068a5b27a29e1d0a29074a9d1ec0ac7c9134f3427cc2","/_next/static/chunks/ee1388682cab2d8a.js":"296e41e3e4360534dae03d5b60acfd6e697d781fcce530f43d360fdc1076d86c","/_next/static/chunks/cbed56895f8ade3a.css":"b3ca7a9696151d201648b2bce816b9b67b3ad9b29791687f4895593685c0b975","/_next/static/chunks/c51779bde68fe02d.js":"3bc819207a7156ca0c3d5a22670e08a32d6131aa8c6c6c3ca222bf21bf3ff1a9","/_next/static/chunks/a6dad97d9634a72d.js":"16c0f345b71fe8e15659e330817da31529a0b752ea1d0115262d9de75fa7c618","/_next/static/chunks/940f6d5b0903ad22.js":"f8a79eb7d6a8a3b2fa23559887ec918c3a0abc535bdad4aa756c3d94179d597f","/_next/static/chunks/247eb132b7f7b574.js":"a39e3d283771528366cbfb4bd6f72052e9a88d73691bfb8e13f854a36b3f55de","/_next/static/chunks/1fb5d6ce1606bcc7.js":"9ca9b03fc6fbd0bb0abe6c1659d91caa5c2e595645ab0d85816b9d7142c3010e","/_next/static/chunks/01787aef0bc207ac.js":"52a2a33f4a99e01f3754b8cb09d70484b50e357c5b185ca119d14da425e5e843","/_next/static/JQ5bMKTghl7H0lGrrr6IK/_ssgManifest.js":"d8d8790f4e673a23bec506f00699bed8a258ac0e4965bb1ca8598172cfc0ec97","/_next/static/JQ5bMKTghl7H0lGrrr6IK/_clientMiddlewareManifest.json":"d15254cd9d142b950433cb8d1c0efb328352fa04db90c0f4d6eb2a68dead445f","/_next/static/JQ5bMKTghl7H0lGrrr6IK/_buildManifest.js":"ab95fd219bf908b88ed3180a610f5ee73608eee48bdb78beeef442208865e23a"}}
[debug] [2025-12-08T17:38:56.301Z] <<< [apiv2][status] POST https://firebasehosting.googleapis.com/v1beta1/projects/228696722817/sites/studiosimulasi/versions/844218153c33c711:populateFiles 200
[debug] [2025-12-08T17:38:56.302Z] <<< [apiv2][body] POST https://firebasehosting.googleapis.com/v1beta1/projects/228696722817/sites/studiosimulasi/versions/844218153c33c711:populateFiles {"uploadRequiredHashes":["656bf24fc7f60dffb3d50dda55ba1ed8b0c2b632b76f6e4c54cf1dbb4a80c61d","f8a79eb7d6a8a3b2fa23559887ec918c3a0abc535bdad4aa756c3d94179d597f","a39e3d283771528366cbfb4bd6f72052e9a88d73691bfb8e13f854a36b3f55de","eb1522690be34746c838afd159e3bc801f3b00cf87a63d4097a411b8aef9f96a","5491c59e9e1e36fce48a204d5010d12e02ac89d10739cc0ad1b18078d9807c58","3bc819207a7156ca0c3d5a22670e08a32d6131aa8c6c6c3ca222bf21bf3ff1a9","d293318e79dfc2fba935212971285e3d4c2015f2fc52adaa671df5893f36a7b5","7a94d9b1a76131ff9eda95bac8001d6b92dd15c9f10a92d7f161693b4c41ae15","f94e1f237f415c227fcb6b7253b737a8a8b91f880544656e62322513e072f60a","b3ca7a9696151d201648b2bce816b9b67b3ad9b29791687f4895593685c0b975","e0c30e0e760a1e211e00b9d7345778c549a2c169bfd575eb978e1a74a02c2e0b","b5b69fb2e622a88dab30d11dd66a8b59ef40febe32f1026bb1e986a9a67f79c9","6d4242399c5008683ba601f9b6844d15cbaf43e14597c30d08e43fa9a56c459f","9ca9b03fc6fbd0bb0abe6c1659d91caa5c2e595645ab0d85816b9d7142c3010e","338571db72c963816dadee3c8311aaa45ccc472416f5b61f4b68a6ac03afc50b","52a2a33f4a99e01f3754b8cb09d70484b50e357c5b185ca119d14da425e5e843","0d2804e918241af4622a96c6429fe0f23f80028742ad305ec1099309ca99dc85","ab95fd219bf908b88ed3180a610f5ee73608eee48bdb78beeef442208865e23a","296e41e3e4360534dae03d5b60acfd6e697d781fcce530f43d360fdc1076d86c","7a0376686117bda363da4efc8483d0e337c4f9e7e1238b18a39f1fb78bbb454a","9b4d9237d22632c12668fc48bd5e6f943be0e4428240f36da0b10b7854a284c2"],"uploadUrl":"https://upload-firebasehosting.googleapis.com/upload/sites/studiosimulasi/versions/844218153c33c711/files"}
[debug] [2025-12-08T17:38:56.303Z] Checked if tokens are valid: true, expires at: 1765219102250
[debug] [2025-12-08T17:38:56.303Z] Checked if tokens are valid: true, expires at: 1765219102250
[debug] [2025-12-08T17:38:56.304Z] Checked if tokens are valid: true, expires at: 1765219102250
[debug] [2025-12-08T17:38:56.304Z] Checked if tokens are valid: true, expires at: 1765219102250
[debug] [2025-12-08T17:38:56.304Z] Checked if tokens are valid: true, expires at: 1765219102250
[debug] [2025-12-08T17:38:56.304Z] Checked if tokens are valid: true, expires at: 1765219102250
[debug] [2025-12-08T17:38:56.305Z] Checked if tokens are valid: true, expires at: 1765219102250
[debug] [2025-12-08T17:38:56.305Z] Checked if tokens are valid: true, expires at: 1765219102250
[debug] [2025-12-08T17:38:56.306Z] Checked if tokens are valid: true, expires at: 1765219102250
[debug] [2025-12-08T17:38:56.306Z] Checked if tokens are valid: true, expires at: 1765219102250
[debug] [2025-12-08T17:38:56.307Z] Checked if tokens are valid: true, expires at: 1765219102250
[debug] [2025-12-08T17:38:56.307Z] Checked if tokens are valid: true, expires at: 1765219102250
[debug] [2025-12-08T17:38:56.307Z] Checked if tokens are valid: true, expires at: 1765219102250
[debug] [2025-12-08T17:38:56.307Z] Checked if tokens are valid: true, expires at: 1765219102250
[debug] [2025-12-08T17:38:56.307Z] Checked if tokens are valid: true, expires at: 1765219102250
[debug] [2025-12-08T17:38:56.308Z] Checked if tokens are valid: true, expires at: 1765219102250
[debug] [2025-12-08T17:38:56.308Z] Checked if tokens are valid: true, expires at: 1765219102250
[debug] [2025-12-08T17:38:56.308Z] Checked if tokens are valid: true, expires at: 1765219102250
[debug] [2025-12-08T17:38:56.308Z] Checked if tokens are valid: true, expires at: 1765219102250
[debug] [2025-12-08T17:38:56.308Z] Checked if tokens are valid: true, expires at: 1765219102250
[debug] [2025-12-08T17:38:56.309Z] Checked if tokens are valid: true, expires at: 1765219102250
[debug] [2025-12-08T17:38:56.309Z] Checked if tokens are valid: true, expires at: 1765219102250
[debug] [2025-12-08T17:38:56.309Z] Checked if tokens are valid: true, expires at: 1765219102250
[debug] [2025-12-08T17:38:56.309Z] Checked if tokens are valid: true, expires at: 1765219102250
[debug] [2025-12-08T17:38:56.309Z] Checked if tokens are valid: true, expires at: 1765219102250
[debug] [2025-12-08T17:38:56.309Z] Checked if tokens are valid: true, expires at: 1765219102250
[debug] [2025-12-08T17:38:56.309Z] Checked if tokens are valid: true, expires at: 1765219102250
[debug] [2025-12-08T17:38:56.309Z] Checked if tokens are valid: true, expires at: 1765219102250
[debug] [2025-12-08T17:38:56.310Z] Checked if tokens are valid: true, expires at: 1765219102250
[debug] [2025-12-08T17:38:56.310Z] Checked if tokens are valid: true, expires at: 1765219102250
[debug] [2025-12-08T17:38:56.310Z] Checked if tokens are valid: true, expires at: 1765219102250
[debug] [2025-12-08T17:38:56.310Z] Checked if tokens are valid: true, expires at: 1765219102250
[debug] [2025-12-08T17:38:56.310Z] Checked if tokens are valid: true, expires at: 1765219102250
[debug] [2025-12-08T17:38:56.310Z] Checked if tokens are valid: true, expires at: 1765219102250
[debug] [2025-12-08T17:38:56.312Z] Checked if tokens are valid: true, expires at: 1765219102250
[debug] [2025-12-08T17:38:56.312Z] Checked if tokens are valid: true, expires at: 1765219102250
[debug] [2025-12-08T17:38:56.312Z] Checked if tokens are valid: true, expires at: 1765219102250
[debug] [2025-12-08T17:38:56.312Z] Checked if tokens are valid: true, expires at: 1765219102250
[debug] [2025-12-08T17:38:56.313Z] Checked if tokens are valid: true, expires at: 1765219102250
[debug] [2025-12-08T17:38:56.313Z] Checked if tokens are valid: true, expires at: 1765219102250
[debug] [2025-12-08T17:38:56.313Z] Checked if tokens are valid: true, expires at: 1765219102250
[debug] [2025-12-08T17:38:56.313Z] Checked if tokens are valid: true, expires at: 1765219102250
[debug] [2025-12-08T17:38:56.313Z] >>> [apiv2][query] POST https://upload-firebasehosting.googleapis.com/upload/sites/studiosimulasi/versions/844218153c33c711/files/656bf24fc7f60dffb3d50dda55ba1ed8b0c2b632b76f6e4c54cf1dbb4a80c61d [none]
[debug] [2025-12-08T17:38:56.314Z] >>> [apiv2][body] POST https://upload-firebasehosting.googleapis.com/upload/sites/studiosimulasi/versions/844218153c33c711/files/656bf24fc7f60dffb3d50dda55ba1ed8b0c2b632b76f6e4c54cf1dbb4a80c61d [stream]
[debug] [2025-12-08T17:38:56.315Z] >>> [apiv2][query] POST https://upload-firebasehosting.googleapis.com/upload/sites/studiosimulasi/versions/844218153c33c711/files/f8a79eb7d6a8a3b2fa23559887ec918c3a0abc535bdad4aa756c3d94179d597f [none]
[debug] [2025-12-08T17:38:56.316Z] >>> [apiv2][body] POST https://upload-firebasehosting.googleapis.com/upload/sites/studiosimulasi/versions/844218153c33c711/files/f8a79eb7d6a8a3b2fa23559887ec918c3a0abc535bdad4aa756c3d94179d597f [stream]
[debug] [2025-12-08T17:38:56.317Z] >>> [apiv2][query] POST https://upload-firebasehosting.googleapis.com/upload/sites/studiosimulasi/versions/844218153c33c711/files/a39e3d283771528366cbfb4bd6f72052e9a88d73691bfb8e13f854a36b3f55de [none]
[debug] [2025-12-08T17:38:56.317Z] >>> [apiv2][body] POST https://upload-firebasehosting.googleapis.com/upload/sites/studiosimulasi/versions/844218153c33c711/files/a39e3d283771528366cbfb4bd6f72052e9a88d73691bfb8e13f854a36b3f55de [stream]
[debug] [2025-12-08T17:38:56.318Z] >>> [apiv2][query] POST https://upload-firebasehosting.googleapis.com/upload/sites/studiosimulasi/versions/844218153c33c711/files/eb1522690be34746c838afd159e3bc801f3b00cf87a63d4097a411b8aef9f96a [none]
[debug] [2025-12-08T17:38:56.319Z] >>> [apiv2][body] POST https://upload-firebasehosting.googleapis.com/upload/sites/studiosimulasi/versions/844218153c33c711/files/eb1522690be34746c838afd159e3bc801f3b00cf87a63d4097a411b8aef9f96a [stream]
[debug] [2025-12-08T17:38:56.320Z] >>> [apiv2][query] POST https://upload-firebasehosting.googleapis.com/upload/sites/studiosimulasi/versions/844218153c33c711/files/5491c59e9e1e36fce48a204d5010d12e02ac89d10739cc0ad1b18078d9807c58 [none]
[debug] [2025-12-08T17:38:56.320Z] >>> [apiv2][body] POST https://upload-firebasehosting.googleapis.com/upload/sites/studiosimulasi/versions/844218153c33c711/files/5491c59e9e1e36fce48a204d5010d12e02ac89d10739cc0ad1b18078d9807c58 [stream]
[debug] [2025-12-08T17:38:56.322Z] >>> [apiv2][query] POST https://upload-firebasehosting.googleapis.com/upload/sites/studiosimulasi/versions/844218153c33c711/files/3bc819207a7156ca0c3d5a22670e08a32d6131aa8c6c6c3ca222bf21bf3ff1a9 [none]
[debug] [2025-12-08T17:38:56.323Z] >>> [apiv2][body] POST https://upload-firebasehosting.googleapis.com/upload/sites/studiosimulasi/versions/844218153c33c711/files/3bc819207a7156ca0c3d5a22670e08a32d6131aa8c6c6c3ca222bf21bf3ff1a9 [stream]
[debug] [2025-12-08T17:38:56.324Z] >>> [apiv2][query] POST https://upload-firebasehosting.googleapis.com/upload/sites/studiosimulasi/versions/844218153c33c711/files/d293318e79dfc2fba935212971285e3d4c2015f2fc52adaa671df5893f36a7b5 [none]
[debug] [2025-12-08T17:38:56.324Z] >>> [apiv2][body] POST https://upload-firebasehosting.googleapis.com/upload/sites/studiosimulasi/versions/844218153c33c711/files/d293318e79dfc2fba935212971285e3d4c2015f2fc52adaa671df5893f36a7b5 [stream]
[debug] [2025-12-08T17:38:56.325Z] >>> [apiv2][query] POST https://upload-firebasehosting.googleapis.com/upload/sites/studiosimulasi/versions/844218153c33c711/files/7a94d9b1a76131ff9eda95bac8001d6b92dd15c9f10a92d7f161693b4c41ae15 [none]
[debug] [2025-12-08T17:38:56.325Z] >>> [apiv2][body] POST https://upload-firebasehosting.googleapis.com/upload/sites/studiosimulasi/versions/844218153c33c711/files/7a94d9b1a76131ff9eda95bac8001d6b92dd15c9f10a92d7f161693b4c41ae15 [stream]
[debug] [2025-12-08T17:38:56.326Z] >>> [apiv2][query] POST https://upload-firebasehosting.googleapis.com/upload/sites/studiosimulasi/versions/844218153c33c711/files/f94e1f237f415c227fcb6b7253b737a8a8b91f880544656e62322513e072f60a [none]
[debug] [2025-12-08T17:38:56.326Z] >>> [apiv2][body] POST https://upload-firebasehosting.googleapis.com/upload/sites/studiosimulasi/versions/844218153c33c711/files/f94e1f237f415c227fcb6b7253b737a8a8b91f880544656e62322513e072f60a [stream]
[debug] [2025-12-08T17:38:56.327Z] >>> [apiv2][query] POST https://upload-firebasehosting.googleapis.com/upload/sites/studiosimulasi/versions/844218153c33c711/files/b3ca7a9696151d201648b2bce816b9b67b3ad9b29791687f4895593685c0b975 [none]
[debug] [2025-12-08T17:38:56.327Z] >>> [apiv2][body] POST https://upload-firebasehosting.googleapis.com/upload/sites/studiosimulasi/versions/844218153c33c711/files/b3ca7a9696151d201648b2bce816b9b67b3ad9b29791687f4895593685c0b975 [stream]
[debug] [2025-12-08T17:38:56.328Z] >>> [apiv2][query] POST https://upload-firebasehosting.googleapis.com/upload/sites/studiosimulasi/versions/844218153c33c711/files/e0c30e0e760a1e211e00b9d7345778c549a2c169bfd575eb978e1a74a02c2e0b [none]
[debug] [2025-12-08T17:38:56.328Z] >>> [apiv2][body] POST https://upload-firebasehosting.googleapis.com/upload/sites/studiosimulasi/versions/844218153c33c711/files/e0c30e0e760a1e211e00b9d7345778c549a2c169bfd575eb978e1a74a02c2e0b [stream]
[debug] [2025-12-08T17:38:56.330Z] >>> [apiv2][query] POST https://upload-firebasehosting.googleapis.com/upload/sites/studiosimulasi/versions/844218153c33c711/files/b5b69fb2e622a88dab30d11dd66a8b59ef40febe32f1026bb1e986a9a67f79c9 [none]
[debug] [2025-12-08T17:38:56.330Z] >>> [apiv2][body] POST https://upload-firebasehosting.googleapis.com/upload/sites/studiosimulasi/versions/844218153c33c711/files/b5b69fb2e622a88dab30d11dd66a8b59ef40febe32f1026bb1e986a9a67f79c9 [stream]
[debug] [2025-12-08T17:38:56.331Z] >>> [apiv2][query] POST https://upload-firebasehosting.googleapis.com/upload/sites/studiosimulasi/versions/844218153c33c711/files/6d4242399c5008683ba601f9b6844d15cbaf43e14597c30d08e43fa9a56c459f [none]
[debug] [2025-12-08T17:38:56.331Z] >>> [apiv2][body] POST https://upload-firebasehosting.googleapis.com/upload/sites/studiosimulasi/versions/844218153c33c711/files/6d4242399c5008683ba601f9b6844d15cbaf43e14597c30d08e43fa9a56c459f [stream]
[debug] [2025-12-08T17:38:56.332Z] >>> [apiv2][query] POST https://upload-firebasehosting.googleapis.com/upload/sites/studiosimulasi/versions/844218153c33c711/files/9ca9b03fc6fbd0bb0abe6c1659d91caa5c2e595645ab0d85816b9d7142c3010e [none]
[debug] [2025-12-08T17:38:56.332Z] >>> [apiv2][body] POST https://upload-firebasehosting.googleapis.com/upload/sites/studiosimulasi/versions/844218153c33c711/files/9ca9b03fc6fbd0bb0abe6c1659d91caa5c2e595645ab0d85816b9d7142c3010e [stream]
[debug] [2025-12-08T17:38:56.333Z] >>> [apiv2][query] POST https://upload-firebasehosting.googleapis.com/upload/sites/studiosimulasi/versions/844218153c33c711/files/338571db72c963816dadee3c8311aaa45ccc472416f5b61f4b68a6ac03afc50b [none]
[debug] [2025-12-08T17:38:56.333Z] >>> [apiv2][body] POST https://upload-firebasehosting.googleapis.com/upload/sites/studiosimulasi/versions/844218153c33c711/files/338571db72c963816dadee3c8311aaa45ccc472416f5b61f4b68a6ac03afc50b [stream]
[debug] [2025-12-08T17:38:56.334Z] >>> [apiv2][query] POST https://upload-firebasehosting.googleapis.com/upload/sites/studiosimulasi/versions/844218153c33c711/files/52a2a33f4a99e01f3754b8cb09d70484b50e357c5b185ca119d14da425e5e843 [none]
[debug] [2025-12-08T17:38:56.334Z] >>> [apiv2][body] POST https://upload-firebasehosting.googleapis.com/upload/sites/studiosimulasi/versions/844218153c33c711/files/52a2a33f4a99e01f3754b8cb09d70484b50e357c5b185ca119d14da425e5e843 [stream]
[debug] [2025-12-08T17:38:56.335Z] >>> [apiv2][query] POST https://upload-firebasehosting.googleapis.com/upload/sites/studiosimulasi/versions/844218153c33c711/files/0d2804e918241af4622a96c6429fe0f23f80028742ad305ec1099309ca99dc85 [none]
[debug] [2025-12-08T17:38:56.336Z] >>> [apiv2][body] POST https://upload-firebasehosting.googleapis.com/upload/sites/studiosimulasi/versions/844218153c33c711/files/0d2804e918241af4622a96c6429fe0f23f80028742ad305ec1099309ca99dc85 [stream]
[debug] [2025-12-08T17:38:56.337Z] >>> [apiv2][query] POST https://upload-firebasehosting.googleapis.com/upload/sites/studiosimulasi/versions/844218153c33c711/files/ab95fd219bf908b88ed3180a610f5ee73608eee48bdb78beeef442208865e23a [none]
[debug] [2025-12-08T17:38:56.337Z] >>> [apiv2][body] POST https://upload-firebasehosting.googleapis.com/upload/sites/studiosimulasi/versions/844218153c33c711/files/ab95fd219bf908b88ed3180a610f5ee73608eee48bdb78beeef442208865e23a [stream]
[debug] [2025-12-08T17:38:56.338Z] >>> [apiv2][query] POST https://upload-firebasehosting.googleapis.com/upload/sites/studiosimulasi/versions/844218153c33c711/files/296e41e3e4360534dae03d5b60acfd6e697d781fcce530f43d360fdc1076d86c [none]
[debug] [2025-12-08T17:38:56.338Z] >>> [apiv2][body] POST https://upload-firebasehosting.googleapis.com/upload/sites/studiosimulasi/versions/844218153c33c711/files/296e41e3e4360534dae03d5b60acfd6e697d781fcce530f43d360fdc1076d86c [stream]
[debug] [2025-12-08T17:38:56.339Z] >>> [apiv2][query] POST https://upload-firebasehosting.googleapis.com/upload/sites/studiosimulasi/versions/844218153c33c711/files/7a0376686117bda363da4efc8483d0e337c4f9e7e1238b18a39f1fb78bbb454a [none]
[debug] [2025-12-08T17:38:56.339Z] >>> [apiv2][body] POST https://upload-firebasehosting.googleapis.com/upload/sites/studiosimulasi/versions/844218153c33c711/files/7a0376686117bda363da4efc8483d0e337c4f9e7e1238b18a39f1fb78bbb454a [stream]
[debug] [2025-12-08T17:38:56.340Z] >>> [apiv2][query] POST https://upload-firebasehosting.googleapis.com/upload/sites/studiosimulasi/versions/844218153c33c711/files/9b4d9237d22632c12668fc48bd5e6f943be0e4428240f36da0b10b7854a284c2 [none]
[debug] [2025-12-08T17:38:56.340Z] >>> [apiv2][body] POST https://upload-firebasehosting.googleapis.com/upload/sites/studiosimulasi/versions/844218153c33c711/files/9b4d9237d22632c12668fc48bd5e6f943be0e4428240f36da0b10b7854a284c2 [stream]
[debug] [2025-12-08T17:38:56.342Z] [hosting][populate queue][FINAL] {"max":878,"min":878,"avg":878,"active":0,"complete":1,"success":1,"errored":0,"retried":0,"total":1,"elapsed":906}
[debug] [2025-12-08T17:38:56.342Z] [hosting] uploads queued: 21
[debug] [2025-12-08T17:39:00.385Z] <<< [apiv2][status] POST https://upload-firebasehosting.googleapis.com/upload/sites/studiosimulasi/versions/844218153c33c711/files/7a94d9b1a76131ff9eda95bac8001d6b92dd15c9f10a92d7f161693b4c41ae15 200
[debug] [2025-12-08T17:39:00.386Z] <<< [apiv2][body] POST https://upload-firebasehosting.googleapis.com/upload/sites/studiosimulasi/versions/844218153c33c711/files/7a94d9b1a76131ff9eda95bac8001d6b92dd15c9f10a92d7f161693b4c41ae15 [stream]
[debug] [2025-12-08T17:39:00.415Z] <<< [apiv2][status] POST https://upload-firebasehosting.googleapis.com/upload/sites/studiosimulasi/versions/844218153c33c711/files/d293318e79dfc2fba935212971285e3d4c2015f2fc52adaa671df5893f36a7b5 200
[debug] [2025-12-08T17:39:00.415Z] <<< [apiv2][body] POST https://upload-firebasehosting.googleapis.com/upload/sites/studiosimulasi/versions/844218153c33c711/files/d293318e79dfc2fba935212971285e3d4c2015f2fc52adaa671df5893f36a7b5 [stream]
[debug] [2025-12-08T17:39:00.540Z] <<< [apiv2][status] POST https://upload-firebasehosting.googleapis.com/upload/sites/studiosimulasi/versions/844218153c33c711/files/338571db72c963816dadee3c8311aaa45ccc472416f5b61f4b68a6ac03afc50b 200
[debug] [2025-12-08T17:39:00.541Z] <<< [apiv2][body] POST https://upload-firebasehosting.googleapis.com/upload/sites/studiosimulasi/versions/844218153c33c711/files/338571db72c963816dadee3c8311aaa45ccc472416f5b61f4b68a6ac03afc50b [stream]
[debug] [2025-12-08T17:39:00.594Z] <<< [apiv2][status] POST https://upload-firebasehosting.googleapis.com/upload/sites/studiosimulasi/versions/844218153c33c711/files/656bf24fc7f60dffb3d50dda55ba1ed8b0c2b632b76f6e4c54cf1dbb4a80c61d 200
[debug] [2025-12-08T17:39:00.594Z] <<< [apiv2][body] POST https://upload-firebasehosting.googleapis.com/upload/sites/studiosimulasi/versions/844218153c33c711/files/656bf24fc7f60dffb3d50dda55ba1ed8b0c2b632b76f6e4c54cf1dbb4a80c61d [stream]
[debug] [2025-12-08T17:39:00.671Z] <<< [apiv2][status] POST https://upload-firebasehosting.googleapis.com/upload/sites/studiosimulasi/versions/844218153c33c711/files/f94e1f237f415c227fcb6b7253b737a8a8b91f880544656e62322513e072f60a 200
[debug] [2025-12-08T17:39:00.672Z] <<< [apiv2][body] POST https://upload-firebasehosting.googleapis.com/upload/sites/studiosimulasi/versions/844218153c33c711/files/f94e1f237f415c227fcb6b7253b737a8a8b91f880544656e62322513e072f60a [stream]
[debug] [2025-12-08T17:39:00.682Z] <<< [apiv2][status] POST https://upload-firebasehosting.googleapis.com/upload/sites/studiosimulasi/versions/844218153c33c711/files/eb1522690be34746c838afd159e3bc801f3b00cf87a63d4097a411b8aef9f96a 200
[debug] [2025-12-08T17:39:00.683Z] <<< [apiv2][body] POST https://upload-firebasehosting.googleapis.com/upload/sites/studiosimulasi/versions/844218153c33c711/files/eb1522690be34746c838afd159e3bc801f3b00cf87a63d4097a411b8aef9f96a [stream]
[debug] [2025-12-08T17:39:00.699Z] <<< [apiv2][status] POST https://upload-firebasehosting.googleapis.com/upload/sites/studiosimulasi/versions/844218153c33c711/files/e0c30e0e760a1e211e00b9d7345778c549a2c169bfd575eb978e1a74a02c2e0b 200
[debug] [2025-12-08T17:39:00.700Z] <<< [apiv2][body] POST https://upload-firebasehosting.googleapis.com/upload/sites/studiosimulasi/versions/844218153c33c711/files/e0c30e0e760a1e211e00b9d7345778c549a2c169bfd575eb978e1a74a02c2e0b [stream]
[debug] [2025-12-08T17:39:00.704Z] <<< [apiv2][status] POST https://upload-firebasehosting.googleapis.com/upload/sites/studiosimulasi/versions/844218153c33c711/files/b5b69fb2e622a88dab30d11dd66a8b59ef40febe32f1026bb1e986a9a67f79c9 200
[debug] [2025-12-08T17:39:00.704Z] <<< [apiv2][body] POST https://upload-firebasehosting.googleapis.com/upload/sites/studiosimulasi/versions/844218153c33c711/files/b5b69fb2e622a88dab30d11dd66a8b59ef40febe32f1026bb1e986a9a67f79c9 [stream]
[debug] [2025-12-08T17:39:00.787Z] <<< [apiv2][status] POST https://upload-firebasehosting.googleapis.com/upload/sites/studiosimulasi/versions/844218153c33c711/files/0d2804e918241af4622a96c6429fe0f23f80028742ad305ec1099309ca99dc85 200
[debug] [2025-12-08T17:39:00.788Z] <<< [apiv2][body] POST https://upload-firebasehosting.googleapis.com/upload/sites/studiosimulasi/versions/844218153c33c711/files/0d2804e918241af4622a96c6429fe0f23f80028742ad305ec1099309ca99dc85 [stream]
[debug] [2025-12-08T17:39:00.811Z] <<< [apiv2][status] POST https://upload-firebasehosting.googleapis.com/upload/sites/studiosimulasi/versions/844218153c33c711/files/52a2a33f4a99e01f3754b8cb09d70484b50e357c5b185ca119d14da425e5e843 200
[debug] [2025-12-08T17:39:00.811Z] <<< [apiv2][body] POST https://upload-firebasehosting.googleapis.com/upload/sites/studiosimulasi/versions/844218153c33c711/files/52a2a33f4a99e01f3754b8cb09d70484b50e357c5b185ca119d14da425e5e843 [stream]
[debug] [2025-12-08T17:39:00.822Z] <<< [apiv2][status] POST https://upload-firebasehosting.googleapis.com/upload/sites/studiosimulasi/versions/844218153c33c711/files/a39e3d283771528366cbfb4bd6f72052e9a88d73691bfb8e13f854a36b3f55de 200
[debug] [2025-12-08T17:39:00.823Z] <<< [apiv2][body] POST https://upload-firebasehosting.googleapis.com/upload/sites/studiosimulasi/versions/844218153c33c711/files/a39e3d283771528366cbfb4bd6f72052e9a88d73691bfb8e13f854a36b3f55de [stream]
[debug] [2025-12-08T17:39:00.853Z] <<< [apiv2][status] POST https://upload-firebasehosting.googleapis.com/upload/sites/studiosimulasi/versions/844218153c33c711/files/7a0376686117bda363da4efc8483d0e337c4f9e7e1238b18a39f1fb78bbb454a 200
[debug] [2025-12-08T17:39:00.853Z] <<< [apiv2][body] POST https://upload-firebasehosting.googleapis.com/upload/sites/studiosimulasi/versions/844218153c33c711/files/7a0376686117bda363da4efc8483d0e337c4f9e7e1238b18a39f1fb78bbb454a [stream]
[debug] [2025-12-08T17:39:00.951Z] <<< [apiv2][status] POST https://upload-firebasehosting.googleapis.com/upload/sites/studiosimulasi/versions/844218153c33c711/files/b3ca7a9696151d201648b2bce816b9b67b3ad9b29791687f4895593685c0b975 200
[debug] [2025-12-08T17:39:00.951Z] <<< [apiv2][body] POST https://upload-firebasehosting.googleapis.com/upload/sites/studiosimulasi/versions/844218153c33c711/files/b3ca7a9696151d201648b2bce816b9b67b3ad9b29791687f4895593685c0b975 [stream]
[debug] [2025-12-08T17:39:01.132Z] <<< [apiv2][status] POST https://upload-firebasehosting.googleapis.com/upload/sites/studiosimulasi/versions/844218153c33c711/files/3bc819207a7156ca0c3d5a22670e08a32d6131aa8c6c6c3ca222bf21bf3ff1a9 200
[debug] [2025-12-08T17:39:01.132Z] <<< [apiv2][body] POST https://upload-firebasehosting.googleapis.com/upload/sites/studiosimulasi/versions/844218153c33c711/files/3bc819207a7156ca0c3d5a22670e08a32d6131aa8c6c6c3ca222bf21bf3ff1a9 [stream]
[debug] [2025-12-08T17:39:01.322Z] <<< [apiv2][status] POST https://upload-firebasehosting.googleapis.com/upload/sites/studiosimulasi/versions/844218153c33c711/files/ab95fd219bf908b88ed3180a610f5ee73608eee48bdb78beeef442208865e23a 200
[debug] [2025-12-08T17:39:01.325Z] <<< [apiv2][body] POST https://upload-firebasehosting.googleapis.com/upload/sites/studiosimulasi/versions/844218153c33c711/files/ab95fd219bf908b88ed3180a610f5ee73608eee48bdb78beeef442208865e23a [stream]
[debug] [2025-12-08T17:39:01.760Z] <<< [apiv2][status] POST https://upload-firebasehosting.googleapis.com/upload/sites/studiosimulasi/versions/844218153c33c711/files/5491c59e9e1e36fce48a204d5010d12e02ac89d10739cc0ad1b18078d9807c58 200
[debug] [2025-12-08T17:39:01.761Z] <<< [apiv2][body] POST https://upload-firebasehosting.googleapis.com/upload/sites/studiosimulasi/versions/844218153c33c711/files/5491c59e9e1e36fce48a204d5010d12e02ac89d10739cc0ad1b18078d9807c58 [stream]
[debug] [2025-12-08T17:39:01.785Z] <<< [apiv2][status] POST https://upload-firebasehosting.googleapis.com/upload/sites/studiosimulasi/versions/844218153c33c711/files/296e41e3e4360534dae03d5b60acfd6e697d781fcce530f43d360fdc1076d86c 200
[debug] [2025-12-08T17:39:01.785Z] <<< [apiv2][body] POST https://upload-firebasehosting.googleapis.com/upload/sites/studiosimulasi/versions/844218153c33c711/files/296e41e3e4360534dae03d5b60acfd6e697d781fcce530f43d360fdc1076d86c [stream]
[debug] [2025-12-08T17:39:01.890Z] <<< [apiv2][status] POST https://upload-firebasehosting.googleapis.com/upload/sites/studiosimulasi/versions/844218153c33c711/files/9b4d9237d22632c12668fc48bd5e6f943be0e4428240f36da0b10b7854a284c2 200
[debug] [2025-12-08T17:39:01.891Z] <<< [apiv2][body] POST https://upload-firebasehosting.googleapis.com/upload/sites/studiosimulasi/versions/844218153c33c711/files/9b4d9237d22632c12668fc48bd5e6f943be0e4428240f36da0b10b7854a284c2 [stream]
[debug] [2025-12-08T17:39:02.081Z] <<< [apiv2][status] POST https://upload-firebasehosting.googleapis.com/upload/sites/studiosimulasi/versions/844218153c33c711/files/f8a79eb7d6a8a3b2fa23559887ec918c3a0abc535bdad4aa756c3d94179d597f 200
[debug] [2025-12-08T17:39:02.084Z] <<< [apiv2][body] POST https://upload-firebasehosting.googleapis.com/upload/sites/studiosimulasi/versions/844218153c33c711/files/f8a79eb7d6a8a3b2fa23559887ec918c3a0abc535bdad4aa756c3d94179d597f [stream]
[debug] [2025-12-08T17:39:02.105Z] <<< [apiv2][status] POST https://upload-firebasehosting.googleapis.com/upload/sites/studiosimulasi/versions/844218153c33c711/files/9ca9b03fc6fbd0bb0abe6c1659d91caa5c2e595645ab0d85816b9d7142c3010e 200
[debug] [2025-12-08T17:39:02.105Z] <<< [apiv2][body] POST https://upload-firebasehosting.googleapis.com/upload/sites/studiosimulasi/versions/844218153c33c711/files/9ca9b03fc6fbd0bb0abe6c1659d91caa5c2e595645ab0d85816b9d7142c3010e [stream]
[debug] [2025-12-08T17:39:02.222Z] <<< [apiv2][status] POST https://upload-firebasehosting.googleapis.com/upload/sites/studiosimulasi/versions/844218153c33c711/files/6d4242399c5008683ba601f9b6844d15cbaf43e14597c30d08e43fa9a56c459f 200
[debug] [2025-12-08T17:39:02.222Z] <<< [apiv2][body] POST https://upload-firebasehosting.googleapis.com/upload/sites/studiosimulasi/versions/844218153c33c711/files/6d4242399c5008683ba601f9b6844d15cbaf43e14597c30d08e43fa9a56c459f [stream]
[debug] [2025-12-08T17:39:02.222Z] [hosting][upload queue][FINAL] {"max":5913,"min":4079,"avg":4798.333333333333,"active":0,"complete":21,"success":21,"errored":0,"retried":0,"total":21,"elapsed":5920}
[info] ✔  hosting[studiosimulasi]: file upload complete 
[debug] [2025-12-08T17:39:02.227Z] [hosting] deploy completed after 6842ms
[debug] [2025-12-08T17:39:02.228Z] [
  {
    "config": {
      "site": "studiosimulasi",
      "public": "out",
      "ignore": [
        "firebase.json",
        "**/.*",
        "**/node_modules/**"
      ],
      "rewrites": [
        {
          "source": "**",
          "destination": "/index.html"
        }
      ]
    },
    "version": "projects/228696722817/sites/studiosimulasi/versions/844218153c33c711"
  }
]
[info] i  hosting[studiosimulasi]: finalizing version... 
[debug] [2025-12-08T17:39:02.236Z] Checked if tokens are valid: true, expires at: 1765219102250
[debug] [2025-12-08T17:39:02.236Z] Checked if tokens are valid: true, expires at: 1765219102250
[debug] [2025-12-08T17:39:02.240Z] >>> [apiv2][query] PATCH https://firebasehosting.googleapis.com/v1beta1/projects/-/sites/studiosimulasi/versions/844218153c33c711 updateMask=status%2Cconfig
[debug] [2025-12-08T17:39:02.240Z] >>> [apiv2][body] PATCH https://firebasehosting.googleapis.com/v1beta1/projects/-/sites/studiosimulasi/versions/844218153c33c711 {"status":"FINALIZED","config":{"rewrites":[{"glob":"**","path":"/index.html"}]}}
[debug] [2025-12-08T17:39:03.917Z] <<< [apiv2][status] PATCH https://firebasehosting.googleapis.com/v1beta1/projects/-/sites/studiosimulasi/versions/844218153c33c711 200
[debug] [2025-12-08T17:39:03.917Z] <<< [apiv2][body] PATCH https://firebasehosting.googleapis.com/v1beta1/projects/-/sites/studiosimulasi/versions/844218153c33c711 {"name":"projects/228696722817/sites/studiosimulasi/versions/844218153c33c711","status":"FINALIZED","config":{"rewrites":[{"glob":"**","path":"/index.html"}]},"labels":{"deployment-tool":"cli-firebase"},"createTime":"2025-12-08T17:38:54.762485Z","createUser":{"email":"simulasikode@gmail.com"},"finalizeTime":"2025-12-08T17:39:03.771642Z","finalizeUser":{"email":"simulasikode@gmail.com"}}
[debug] [2025-12-08T17:39:03.917Z] [hosting] finalized version for studiosimulasi:[object Object]
[info] ✔  hosting[studiosimulasi]: version finalized 
[info] i  hosting[studiosimulasi]: releasing new version... 
[debug] [2025-12-08T17:39:03.919Z] Checked if tokens are valid: true, expires at: 1765219102250
[debug] [2025-12-08T17:39:03.919Z] Checked if tokens are valid: true, expires at: 1765219102250
[debug] [2025-12-08T17:39:03.919Z] >>> [apiv2][query] POST https://firebasehosting.googleapis.com/v1beta1/projects/-/sites/studiosimulasi/channels/live/releases versionName=projects%2F228696722817%2Fsites%2Fstudiosimulasi%2Fversions%2F844218153c33c711
[debug] [2025-12-08T17:39:03.919Z] >>> [apiv2][body] POST https://firebasehosting.googleapis.com/v1beta1/projects/-/sites/studiosimulasi/channels/live/releases {}
[debug] [2025-12-08T17:39:04.646Z] <<< [apiv2][status] POST https://firebasehosting.googleapis.com/v1beta1/projects/-/sites/studiosimulasi/channels/live/releases 200
[debug] [2025-12-08T17:39:04.646Z] <<< [apiv2][body] POST https://firebasehosting.googleapis.com/v1beta1/projects/-/sites/studiosimulasi/channels/live/releases {"name":"projects/228696722817/sites/studiosimulasi/channels/live/releases/1765215543909000","version":{"name":"projects/228696722817/sites/studiosimulasi/versions/844218153c33c711","status":"FINALIZED","config":{"rewrites":[{"glob":"**","path":"/index.html"}]},"labels":{"deployment-tool":"cli-firebase"},"createTime":"2025-12-08T17:38:54.762485Z","createUser":{"email":"simulasikode@gmail.com","imageUrl":"https://lh3.googleusercontent.com/a/ACg8ocKI97aC5BQZJCAJlB6GY8Fhgjsi13pffY2U54HR25w5dLCygDI"},"finalizeTime":"2025-12-08T17:39:03.771642Z","finalizeUser":{"email":"simulasikode@gmail.com","imageUrl":"https://lh3.googleusercontent.com/a/ACg8ocKI97aC5BQZJCAJlB6GY8Fhgjsi13pffY2U54HR25w5dLCygDI"}},"type":"DEPLOY","releaseTime":"2025-12-08T17:39:03.909Z","releaseUser":{"email":"simulasikode@gmail.com","imageUrl":"https://lh3.googleusercontent.com/a/ACg8ocKI97aC5BQZJCAJlB6GY8Fhgjsi13pffY2U54HR25w5dLCygDI"}}
[debug] [2025-12-08T17:39:04.646Z] [hosting] release: {"name":"projects/228696722817/sites/studiosimulasi/channels/live/releases/1765215543909000","version":{"name":"projects/228696722817/sites/studiosimulasi/versions/844218153c33c711","status":"FINALIZED","config":{"rewrites":[{"glob":"**","path":"/index.html"}]},"labels":{"deployment-tool":"cli-firebase"},"createTime":"2025-12-08T17:38:54.762485Z","createUser":{"email":"simulasikode@gmail.com","imageUrl":"https://lh3.googleusercontent.com/a/ACg8ocKI97aC5BQZJCAJlB6GY8Fhgjsi13pffY2U54HR25w5dLCygDI"},"finalizeTime":"2025-12-08T17:39:03.771642Z","finalizeUser":{"email":"simulasikode@gmail.com","imageUrl":"https://lh3.googleusercontent.com/a/ACg8ocKI97aC5BQZJCAJlB6GY8Fhgjsi13pffY2U54HR25w5dLCygDI"}},"type":"DEPLOY","releaseTime":"2025-12-08T17:39:03.909Z","releaseUser":{"email":"simulasikode@gmail.com","imageUrl":"https://lh3.googleusercontent.com/a/ACg8ocKI97aC5BQZJCAJlB6GY8Fhgjsi13pffY2U54HR25w5dLCygDI"}}
[info] ✔  hosting[studiosimulasi]: release complete 
[info] 
[info] ✔  Deploy complete! 
[info] 
[info] Project Console: https://console.firebase.google.com/project/studios-9c34c/overview
[info] Hosting URL: https://studiosimulasi.web.app
[debug] [2025-12-08T17:39:10.915Z] Error: Timed out.
    at Timeout._onTimeout (/usr/lib/node_modules/firebase-tools/lib/utils.js:275:49)
    at listOnTimeout (node:internal/timers:605:17)
    at process.processTimers (node:internal/timers:541:7)
[error] 
[error] Error: An unexpected error has occurred.
